Using pre-set license
Built from '2021.2/staging' branch; Version is '2021.2.0b15 (b1c7ce145b7d) revision 11651022'; Using compiler version '192829333'; Build Type 'Release'
OS: 'Windows 10 Pro; OS build 19044.2006; Version 2009; 64bit' Language: 'pl' Physical Memory: 32688 MB
BatchMode: 1, IsHumanControllingUs: 0, StartBugReporterOnCrash: 0, Is64bit: 1, IsPro: 0

COMMAND LINE ARGUMENTS:
C:\Program Files\Unity 2021.2.0b15\Editor\Unity.exe
-adb2
-batchMode
-noUpm
-name
AssetImportWorker2
-projectPath
C:/Users/Administrator.QED/Desktop/UT/NGP-GL
-logFile
Logs/AssetImportWorker2.log
-srvPort
63658
Successfully changed project path to: C:/Users/Administrator.QED/Desktop/UT/NGP-GL
C:/Users/Administrator.QED/Desktop/UT/NGP-GL
[UnityMemory] Configuration Parameters - Can be set up in boot.config
    "memorysetup-bucket-allocator-granularity=16"
    "memorysetup-bucket-allocator-bucket-count=8"
    "memorysetup-bucket-allocator-block-size=33554432"
    "memorysetup-bucket-allocator-block-count=8"
    "memorysetup-main-allocator-block-size=16777216"
    "memorysetup-thread-allocator-block-size=16777216"
    "memorysetup-gfx-main-allocator-block-size=16777216"
    "memorysetup-gfx-thread-allocator-block-size=16777216"
    "memorysetup-cache-allocator-block-size=4194304"
    "memorysetup-typetree-allocator-block-size=2097152"
    "memorysetup-profiler-bucket-allocator-granularity=16"
    "memorysetup-profiler-bucket-allocator-bucket-count=8"
    "memorysetup-profiler-bucket-allocator-block-size=33554432"
    "memorysetup-profiler-bucket-allocator-block-count=8"
    "memorysetup-profiler-allocator-block-size=16777216"
    "memorysetup-profiler-editor-allocator-block-size=1048576"
    "memorysetup-temp-allocator-size-main=16777216"
    "memorysetup-job-temp-allocator-block-size=2097152"
    "memorysetup-job-temp-allocator-block-size-background=1048576"
    "memorysetup-job-temp-allocator-reduction-small-platforms=262144"
    "memorysetup-temp-allocator-size-background-worker=32768"
    "memorysetup-temp-allocator-size-job-worker=262144"
    "memorysetup-temp-allocator-size-preload-manager=33554432"
    "memorysetup-temp-allocator-size-nav-mesh-worker=65536"
    "memorysetup-temp-allocator-size-audio-worker=65536"
    "memorysetup-temp-allocator-size-cloud-worker=32768"
    "memorysetup-temp-allocator-size-gi-baking-worker=262144"
    "memorysetup-temp-allocator-size-gfx=262144"
Refreshing native plugins compatible for Editor in 194.90 ms, found 6 plugins.
Preloading 0 native plugins for Editor in 0.00 ms.
Initialize engine version: 2021.2.0b15 (b1c7ce145b7d)
[Subsystems] Discovering subsystems at path C:/Program Files/Unity 2021.2.0b15/Editor/Data/Resources/UnitySubsystems
[Subsystems] Discovering subsystems at path C:/Users/Administrator.QED/Desktop/UT/NGP-GL/Assets
GfxDevice: creating device client; threaded=0; jobified=0
Direct3D:
    Version:  Direct3D 11.0 [level 11.1]
    Renderer: NVIDIA GeForce GTX 1660 Ti (ID=0x2191)
    Vendor:   NVIDIA
    VRAM:     5991 MB
    Driver:   27.21.14.5749
Initialize mono
Mono path[0] = 'C:/Program Files/Unity 2021.2.0b15/Editor/Data/Managed'
Mono path[1] = 'C:/Program Files/Unity 2021.2.0b15/Editor/Data/MonoBleedingEdge/lib/mono/unityjit-win32'
Mono config path = 'C:/Program Files/Unity 2021.2.0b15/Editor/Data/MonoBleedingEdge/etc'
Using monoOptions --debugger-agent=transport=dt_socket,embedding=1,server=y,suspend=n,address=127.0.0.1:56544
Begin MonoManager ReloadAssembly
Registering precompiled unity dll's ...
Register platform support module: C:/Program Files/Unity 2021.2.0b15/Editor/Data/PlaybackEngines/WindowsStandaloneSupport/UnityEditor.WindowsStandalone.Extensions.dll
Registered in 0.003863 seconds.
Native extension for WindowsStandalone target not found
Refreshing native plugins compatible for Editor in 136.35 ms, found 6 plugins.
Preloading 0 native plugins for Editor in 0.00 ms.
Mono: successfully reloaded assembly
- Completed reload, in  0.935 seconds
Domain Reload Profiling:
	ReloadAssembly (936ms)
		BeginReloadAssembly (69ms)
			ExecutionOrderSort (0ms)
			DisableScriptedObjects (0ms)
			BackupInstance (0ms)
			ReleaseScriptingObjects (0ms)
			CreateAndSetChildDomain (1ms)
		EndReloadAssembly (601ms)
			LoadAssemblies (67ms)
			RebuildTransferFunctionScriptingTraits (0ms)
			SetupTypeCache (195ms)
			ReleaseScriptCaches (0ms)
			RebuildScriptCaches (24ms)
			SetupLoadedEditorAssemblies (330ms)
				LogAssemblyErrors (0ms)
				InitializePlatformSupportModulesInManaged (6ms)
				SetLoadedEditorAssemblies (1ms)
				RefreshPlugins (136ms)
				BeforeProcessingInitializeOnLoad (1ms)
				ProcessInitializeOnLoadAttributes (141ms)
				ProcessInitializeOnLoadMethodAttributes (45ms)
				AfterProcessingInitializeOnLoad (0ms)
				EditorAssembliesLoaded (0ms)
			ExecutionOrderSort2 (0ms)
			AwakeInstancesAfterBackupRestoration (0ms)
Platform modules already initialized, skipping
Registering precompiled user dll's ...
Registered in 0.009191 seconds.
Begin MonoManager ReloadAssembly
Symbol file LoadedFromMemory doesn't match image C:\Users\Administrator.QED\Desktop\UT\NGP-GL\Library\PackageCache\com.unity.visualscripting@1.7.2\Editor\VisualScripting.Core\Dependencies\YamlDotNet\Unity.VisualScripting.YamlDotNet.dll
Symbol file LoadedFromMemory doesn't match image C:\Users\Administrator.QED\Desktop\UT\NGP-GL\Library\PackageCache\com.unity.visualscripting@1.7.2\Editor\VisualScripting.Core\Dependencies\DotNetZip\Unity.VisualScripting.IonicZip.dll
Native extension for WindowsStandalone target not found
Refreshing native plugins compatible for Editor in 159.25 ms, found 6 plugins.
Preloading 0 native plugins for Editor in 0.00 ms.
Mono: successfully reloaded assembly
- Completed reload, in  1.990 seconds
Domain Reload Profiling:
	ReloadAssembly (1991ms)
		BeginReloadAssembly (168ms)
			ExecutionOrderSort (0ms)
			DisableScriptedObjects (6ms)
			BackupInstance (0ms)
			ReleaseScriptingObjects (0ms)
			CreateAndSetChildDomain (23ms)
		EndReloadAssembly (1726ms)
			LoadAssemblies (78ms)
			RebuildTransferFunctionScriptingTraits (0ms)
			SetupTypeCache (517ms)
			ReleaseScriptCaches (1ms)
			RebuildScriptCaches (59ms)
			SetupLoadedEditorAssemblies (950ms)
				LogAssemblyErrors (0ms)
				InitializePlatformSupportModulesInManaged (14ms)
				SetLoadedEditorAssemblies (0ms)
				RefreshPlugins (159ms)
				BeforeProcessingInitializeOnLoad (131ms)
				ProcessInitializeOnLoadAttributes (568ms)
				ProcessInitializeOnLoadMethodAttributes (72ms)
				AfterProcessingInitializeOnLoad (6ms)
				EditorAssembliesLoaded (0ms)
			ExecutionOrderSort2 (0ms)
			AwakeInstancesAfterBackupRestoration (5ms)
Platform modules already initialized, skipping
========================================================================
Worker process is ready to serve import requests
Launched and connected shader compiler UnityShaderCompiler.exe after 0.04 seconds
Refreshing native plugins compatible for Editor in 1.08 ms, found 6 plugins.
Preloading 0 native plugins for Editor in 0.00 ms.
Unloading 6087 Unused Serialized files (Serialized files now loaded: 0)
Unloading 50 unused Assets / (416.2 KB). Loaded Objects now: 6526.
Memory consumption went from 231.0 MB to 230.5 MB.
Total: 5.530500 ms (FindLiveObjects: 0.456300 ms CreateObjectMapping: 0.400000 ms MarkObjects: 4.529300 ms  DeleteObjects: 0.144100 ms)

AssetImportParameters requested are different than current active one (requested -> active):
  custom:framework-win-MediaFoundation: 216162199b28c13a410421893ffa2e32 -> 
  custom:video-decoder-ogg-theora: a1e56fd34408186e4bbccfd4996cb3dc -> 
  custom:container-muxer-webm: aa71ff27fc2769a1b78a27578f13a17b -> 
  custom:container-demuxer-webm: 4f35f7cbe854078d1ac9338744f61a02 -> 
  custom:video-encoder-webm-vp8: eb34c28f22e8b96e1ab97ce403110664 -> 
  custom:container-demuxer-ogg: 62fdf1f143b41e24485cea50d1cbac27 -> 
  custom:audio-decoder-ogg-vorbis: bf7c407c2cedff20999df2af8eb42d56 -> 
  custom:video-decoder-webm-vp8: 9c59270c3fd7afecdb556c50c9e8de78 -> 
  custom:audio-encoder-webm-vorbis: bf7c407c2cedff20999df2af8eb42d56 -> 
========================================================================
Received Import Request.
  Time since last request: 53540.079954 seconds.
  path: Assets/Plugins/Zenject/OptionalExtras/SampleGame1 (Beginner)/Media/Imported/SpaceShip/Materials/1K_Body-TXTR.mat
  artifactKey: Guid(a0e138ce6cd06f74d83cf3884415be92) Importer(815301076,1909f56bfc062723c751e8b465ee728b)
Start importing Assets/Plugins/Zenject/OptionalExtras/SampleGame1 (Beginner)/Media/Imported/SpaceShip/Materials/1K_Body-TXTR.mat using Guid(a0e138ce6cd06f74d83cf3884415be92) Importer(815301076,1909f56bfc062723c751e8b465ee728b)  -> (artifact id: '1dc66d1e2128769ea02d1fd57aba28c7') in 0.298082 seconds 
========================================================================
Received Import Request.
  Time since last request: 0.479258 seconds.
  path: Assets/Plugins/Zenject/OptionalExtras/SampleGame2 (Advanced)/Media/Materials/Flame01.mat
  artifactKey: Guid(b1ca011c5f92d4fd4b5aeac44fd607c6) Importer(815301076,1909f56bfc062723c751e8b465ee728b)
Start importing Assets/Plugins/Zenject/OptionalExtras/SampleGame2 (Advanced)/Media/Materials/Flame01.mat using Guid(b1ca011c5f92d4fd4b5aeac44fd607c6) Importer(815301076,1909f56bfc062723c751e8b465ee728b)  -> (artifact id: 'a494ae1828e8482b0bcdde6a60540dc5') in 0.014928 seconds 
========================================================================
Received Import Request.
  Time since last request: 0.000028 seconds.
  path: Assets/Plugins/Zenject/OptionalExtras/SampleGame1 (Beginner)/Media/Textures/Background/Materials/Free_Shmup_Sprites_Starfield 1.mat
  artifactKey: Guid(f96f18654fcb0a742b51183dab201105) Importer(815301076,1909f56bfc062723c751e8b465ee728b)
Start importing Assets/Plugins/Zenject/OptionalExtras/SampleGame1 (Beginner)/Media/Textures/Background/Materials/Free_Shmup_Sprites_Starfield 1.mat using Guid(f96f18654fcb0a742b51183dab201105) Importer(815301076,1909f56bfc062723c751e8b465ee728b)  -> (artifact id: '84304d5cca2734308003dcf25d6a99eb') in 0.020119 seconds 
========================================================================
Received Import Request.
  Time since last request: 3.390928 seconds.
  path: Assets/Frontend/Graphics/Models/3rd_party/MonsterTruck/Materials/Glass.mat
  artifactKey: Guid(afeb9e98e3871ab4283c58e342869eb0) Importer(815301076,1909f56bfc062723c751e8b465ee728b)
Start importing Assets/Frontend/Graphics/Models/3rd_party/MonsterTruck/Materials/Glass.mat using Guid(afeb9e98e3871ab4283c58e342869eb0) Importer(815301076,1909f56bfc062723c751e8b465ee728b)  -> (artifact id: 'e8381cfc8ff839e505db80f35f6b4e27') in 0.018123 seconds 
========================================================================
Received Import Request.
  Time since last request: 0.035347 seconds.
  path: Assets/Frontend/Graphics/Models/3rd_party/Buggy_3/Materials/glass.mat
  artifactKey: Guid(b7640193d8a3ee241b3167bfe38cb9a5) Importer(815301076,1909f56bfc062723c751e8b465ee728b)
Start importing Assets/Frontend/Graphics/Models/3rd_party/Buggy_3/Materials/glass.mat using Guid(b7640193d8a3ee241b3167bfe38cb9a5) Importer(815301076,1909f56bfc062723c751e8b465ee728b)  -> (artifact id: '9f68f18f545a58a7c79d8d7406af2361') in 0.012694 seconds 
========================================================================
Received Import Request.
  Time since last request: 0.969789 seconds.
  path: Assets/Frontend/Graphics/Models/Vehicles/T-55/Materials/T55_track_burned.mat
  artifactKey: Guid(996a3ff3d4ff6f348a739349cab89443) Importer(815301076,1909f56bfc062723c751e8b465ee728b)
Start importing Assets/Frontend/Graphics/Models/Vehicles/T-55/Materials/T55_track_burned.mat using Guid(996a3ff3d4ff6f348a739349cab89443) Importer(815301076,1909f56bfc062723c751e8b465ee728b)  -> (artifact id: 'c6b92a09193c91143a1d4f1426e08213') in 0.146582 seconds 
========================================================================
Received Import Request.
  Time since last request: 4.896031 seconds.
  path: Assets/Plugins/Zenject/OptionalExtras/SampleGame1 (Beginner)/Media/Imported/Materials/Glow.mat
  artifactKey: Guid(209ea2f17ebe64e85a177a9bbad10476) Importer(815301076,1909f56bfc062723c751e8b465ee728b)
Start importing Assets/Plugins/Zenject/OptionalExtras/SampleGame1 (Beginner)/Media/Imported/Materials/Glow.mat using Guid(209ea2f17ebe64e85a177a9bbad10476) Importer(815301076,1909f56bfc062723c751e8b465ee728b)  -> (artifact id: 'a7200b3d929434c28159a804b2253779') in 0.015296 seconds 
========================================================================
Received Import Request.
  Time since last request: 0.050099 seconds.
  path: Assets/Frontend/Graphics/Models/3rd_party/MonsterTruck/Materials/mat 1.mat
  artifactKey: Guid(6579c065b7edf2049be5a37e2593bdb5) Importer(815301076,1909f56bfc062723c751e8b465ee728b)
Start importing Assets/Frontend/Graphics/Models/3rd_party/MonsterTruck/Materials/mat 1.mat using Guid(6579c065b7edf2049be5a37e2593bdb5) Importer(815301076,1909f56bfc062723c751e8b465ee728b)  -> (artifact id: 'a46d7d52b5c14274846306a921f6df66') in 0.019342 seconds 
========================================================================
Received Import Request.
  Time since last request: 0.897469 seconds.
  path: Assets/Frontend/Graphics/Models/3rd_party/MonsterTruck/Materials/mat 2.mat
  artifactKey: Guid(4fbff3ca52a31714abdd76bd517c7a37) Importer(815301076,1909f56bfc062723c751e8b465ee728b)
Start importing Assets/Frontend/Graphics/Models/3rd_party/MonsterTruck/Materials/mat 2.mat using Guid(4fbff3ca52a31714abdd76bd517c7a37) Importer(815301076,1909f56bfc062723c751e8b465ee728b)  -> (artifact id: 'e79c90b69cc67736a7eb2c8daa7278b7') in 0.014322 seconds 
========================================================================
Received Import Request.
  Time since last request: 0.000038 seconds.
  path: Assets/Frontend/Graphics/Models/3rd_party/MonsterTruck/Materials/mat 4.mat
  artifactKey: Guid(bbff297440f339e4396f4d5bf9022965) Importer(815301076,1909f56bfc062723c751e8b465ee728b)
Start importing Assets/Frontend/Graphics/Models/3rd_party/MonsterTruck/Materials/mat 4.mat using Guid(bbff297440f339e4396f4d5bf9022965) Importer(815301076,1909f56bfc062723c751e8b465ee728b)  -> (artifact id: '4b63087e8f960e4333ba9b6dea264136') in 0.028060 seconds 
========================================================================
Received Import Request.
  Time since last request: 0.000718 seconds.
  path: Assets/Plugins/Zenject/OptionalExtras/SampleGame1 (Beginner)/Media/Meshes/Materials/Material.mat
  artifactKey: Guid(62155033a16c4eb4ab0878b56d98970f) Importer(815301076,1909f56bfc062723c751e8b465ee728b)
Start importing Assets/Plugins/Zenject/OptionalExtras/SampleGame1 (Beginner)/Media/Meshes/Materials/Material.mat using Guid(62155033a16c4eb4ab0878b56d98970f) Importer(815301076,1909f56bfc062723c751e8b465ee728b)  -> (artifact id: 'e41719e37e0b9e94bbc0b832ed394e72') in 0.019529 seconds 
========================================================================
Received Import Request.
  Time since last request: 0.000032 seconds.
  path: Assets/Frontend/Graphics/Models/Vehicles/T-55/T-55.FBX
  artifactKey: Guid(85a5093b8660f8d43be5e51996f2c302) Importer(815301076,1909f56bfc062723c751e8b465ee728b)
Start importing Assets/Frontend/Graphics/Models/Vehicles/T-55/T-55.FBX using Guid(85a5093b8660f8d43be5e51996f2c302) Importer(815301076,1909f56bfc062723c751e8b465ee728b)  -> (artifact id: 'e43354644bf4e0e635210ede8dcc97ea') in 0.475941 seconds 
========================================================================
Received Import Request.
  Time since last request: 88.684141 seconds.
  path: Assets/Frontend/Graphics/Models/3rd_party/Buggy_3
  artifactKey: Guid(52eeaae1dfb05c24f9f204bcc0f192ee) Importer(815301076,1909f56bfc062723c751e8b465ee728b)
Start importing Assets/Frontend/Graphics/Models/3rd_party/Buggy_3 using Guid(52eeaae1dfb05c24f9f204bcc0f192ee) Importer(815301076,1909f56bfc062723c751e8b465ee728b)  -> (artifact id: '77f65a93443d252287af2a02608d3b90') in 0.001760 seconds 
========================================================================
Received Import Request.
  Time since last request: 5.502117 seconds.
  path: Assets/Frontend/Graphics/Models/3rd_party/Buggy_3/Buggy_3.FBX
  artifactKey: Guid(cfe3ff237b933b94f835e6b663453b6d) Importer(815301076,1909f56bfc062723c751e8b465ee728b)
Start importing Assets/Frontend/Graphics/Models/3rd_party/Buggy_3/Buggy_3.FBX using Guid(cfe3ff237b933b94f835e6b663453b6d) Importer(815301076,1909f56bfc062723c751e8b465ee728b)  -> (artifact id: 'c7b3234c823ccb26e72f3ceab60d28c3') in 0.131361 seconds 
========================================================================
Received Import Request.
  Time since last request: 4.594868 seconds.
  path: Assets/Frontend/Graphics/Models/3rd_party/Buggy_3/Buggy_3.FBX
  artifactKey: Guid(cfe3ff237b933b94f835e6b663453b6d) Importer(815301076,1909f56bfc062723c751e8b465ee728b)
Start importing Assets/Frontend/Graphics/Models/3rd_party/Buggy_3/Buggy_3.FBX using Guid(cfe3ff237b933b94f835e6b663453b6d) Importer(815301076,1909f56bfc062723c751e8b465ee728b)  -> (artifact id: 'c0d235133bf441f333ef5a4f86f86f91') in 0.208168 seconds 
========================================================================
Received Import Request.
  Time since last request: 4.641548 seconds.
  path: Assets/Frontend/Graphics/Models/3rd_party/MonsterTruck
  artifactKey: Guid(6d26c8a1bfb34514ea928b9d27b01a27) Importer(815301076,1909f56bfc062723c751e8b465ee728b)
Start importing Assets/Frontend/Graphics/Models/3rd_party/MonsterTruck using Guid(6d26c8a1bfb34514ea928b9d27b01a27) Importer(815301076,1909f56bfc062723c751e8b465ee728b)  -> (artifact id: '31e4122efd8e8be0d34aea1a49fbf5e8') in 0.002139 seconds 
========================================================================
Received Import Request.
  Time since last request: 3.335646 seconds.
  path: Assets/Frontend/Graphics/Models/3rd_party/MonsterTruck/MonsterTruck.FBX
  artifactKey: Guid(13f864b5777d1c845936f75a8dc06c80) Importer(815301076,1909f56bfc062723c751e8b465ee728b)
Start importing Assets/Frontend/Graphics/Models/3rd_party/MonsterTruck/MonsterTruck.FBX using Guid(13f864b5777d1c845936f75a8dc06c80) Importer(815301076,1909f56bfc062723c751e8b465ee728b)  -> (artifact id: '2248ead30d22b5ed2877abc93ccfa834') in 0.113356 seconds 
========================================================================
Received Import Request.
  Time since last request: 3.337760 seconds.
  path: Assets/Frontend/Graphics/Models/3rd_party/MonsterTruck/MonsterTruck.FBX
  artifactKey: Guid(13f864b5777d1c845936f75a8dc06c80) Importer(815301076,1909f56bfc062723c751e8b465ee728b)
Start importing Assets/Frontend/Graphics/Models/3rd_party/MonsterTruck/MonsterTruck.FBX using Guid(13f864b5777d1c845936f75a8dc06c80) Importer(815301076,1909f56bfc062723c751e8b465ee728b)  -> (artifact id: '69227d4cac26be4b891163646e33788c') in 0.124358 seconds 
========================================================================
Received Import Request.
  Time since last request: 8.754308 seconds.
  path: Assets/Frontend/Graphics/Models/3rd_party/MonsterTruck/MonsterTruck.FBX
  artifactKey: Guid(13f864b5777d1c845936f75a8dc06c80) Importer(815301076,1909f56bfc062723c751e8b465ee728b)
Start importing Assets/Frontend/Graphics/Models/3rd_party/MonsterTruck/MonsterTruck.FBX using Guid(13f864b5777d1c845936f75a8dc06c80) Importer(815301076,1909f56bfc062723c751e8b465ee728b)  -> (artifact id: '84d018d4714dabd7c297fbc7120ed51c') in 0.127626 seconds 
========================================================================
Received Import Request.
  Time since last request: 6.330599 seconds.
  path: Assets/Frontend/Graphics/Models/3rd_party/MonsterTruck/MonsterTruck.FBX
  artifactKey: Guid(13f864b5777d1c845936f75a8dc06c80) Importer(815301076,1909f56bfc062723c751e8b465ee728b)
Start importing Assets/Frontend/Graphics/Models/3rd_party/MonsterTruck/MonsterTruck.FBX using Guid(13f864b5777d1c845936f75a8dc06c80) Importer(815301076,1909f56bfc062723c751e8b465ee728b)  -> (artifact id: '8ed2ea7efec571507f1201ca41739146') in 0.184004 seconds 
========================================================================
Received Import Request.
  Time since last request: 20.102209 seconds.
  path: Assets/Plugins/Zenject/OptionalExtras/SampleGame1 (Beginner)/Media/Meshes/shipfractured.fbx
  artifactKey: Guid(5735f3b443f71894589af1323ad7a29b) Importer(815301076,1909f56bfc062723c751e8b465ee728b)
Start importing Assets/Plugins/Zenject/OptionalExtras/SampleGame1 (Beginner)/Media/Meshes/shipfractured.fbx using Guid(5735f3b443f71894589af1323ad7a29b) Importer(815301076,1909f56bfc062723c751e8b465ee728b)  -> (artifact id: 'd226fcbeec27e5eb70397b2a0a011c2f') in 0.096886 seconds 
========================================================================
Received Import Request.
  Time since last request: 0.629455 seconds.
  path: Assets/Frontend/Graphics/Models/Vehicles/T-55/t-55_collision_detail.fbx
  artifactKey: Guid(e75c1bc2f23118142a86a8dc1b30f3ae) Importer(815301076,1909f56bfc062723c751e8b465ee728b)
Start importing Assets/Frontend/Graphics/Models/Vehicles/T-55/t-55_collision_detail.fbx using Guid(e75c1bc2f23118142a86a8dc1b30f3ae) Importer(815301076,1909f56bfc062723c751e8b465ee728b)  -> (artifact id: 'eb34f25c5a78c573b413cc93813fc083') in 0.594638 seconds 
========================================================================
Received Import Request.
  Time since last request: 11.838240 seconds.
  path: Assets/Frontend/Materials/Skybox/Skybox_Mat.mat
  artifactKey: Guid(0ffaa0b7117ba8c47a9d05ae701d4b4d) Importer(815301076,1909f56bfc062723c751e8b465ee728b)
Start importing Assets/Frontend/Materials/Skybox/Skybox_Mat.mat using Guid(0ffaa0b7117ba8c47a9d05ae701d4b4d) Importer(815301076,1909f56bfc062723c751e8b465ee728b)  -> (artifact id: 'fa40a4372c1ca13677e1b934b7243a23') in 0.091884 seconds 
========================================================================
Received Import Request.
  Time since last request: 2.336810 seconds.
  path: Assets/Plugins/Zenject/OptionalExtras/SampleGame1 (Beginner)/Media/Imported/Rocks/meshes/Materials/rock_01Mat.mat
  artifactKey: Guid(a1f30c6b2183c3f4a9ffa3cb444d6ddc) Importer(815301076,1909f56bfc062723c751e8b465ee728b)
Start importing Assets/Plugins/Zenject/OptionalExtras/SampleGame1 (Beginner)/Media/Imported/Rocks/meshes/Materials/rock_01Mat.mat using Guid(a1f30c6b2183c3f4a9ffa3cb444d6ddc) Importer(815301076,1909f56bfc062723c751e8b465ee728b)  -> (artifact id: '1c5fbd6be28098aea47cbd79e4e5ccbc') in 0.014807 seconds 
========================================================================
Received Import Request.
  Time since last request: 9.008785 seconds.
  path: Assets/Plugins/Zenject/OptionalExtras/SampleGame1 (Beginner)/Media/Imported/Materials/OilSmoke.mat
  artifactKey: Guid(eb5315e2f77c540b6bf545720e84d3a5) Importer(815301076,1909f56bfc062723c751e8b465ee728b)
Start importing Assets/Plugins/Zenject/OptionalExtras/SampleGame1 (Beginner)/Media/Imported/Materials/OilSmoke.mat using Guid(eb5315e2f77c540b6bf545720e84d3a5) Importer(815301076,1909f56bfc062723c751e8b465ee728b)  -> (artifact id: '2d6eddd30cf6f9703210da457991ecfd') in 0.021612 seconds 
========================================================================
Received Import Request.
  Time since last request: 0.000033 seconds.
  path: Assets/Plugins/Zenject/OptionalExtras/SampleGame1 (Beginner)/Media/Imported/SpaceShip/Materials/Space_Shooter_Material.mat
  artifactKey: Guid(a514b444dba54df418424449041a3aa6) Importer(815301076,1909f56bfc062723c751e8b465ee728b)
Start importing Assets/Plugins/Zenject/OptionalExtras/SampleGame1 (Beginner)/Media/Imported/SpaceShip/Materials/Space_Shooter_Material.mat using Guid(a514b444dba54df418424449041a3aa6) Importer(815301076,1909f56bfc062723c751e8b465ee728b)  -> (artifact id: 'f066f56c94cf41c99b552f8919f4742b') in 0.022200 seconds 
========================================================================
Received Import Request.
  Time since last request: 0.324136 seconds.
  path: Assets/Frontend/Graphics/Models/Vehicles/T-55/Materials/T-55_upper.mat
  artifactKey: Guid(c0556e974ac4dc24a9722335e0799709) Importer(815301076,1909f56bfc062723c751e8b465ee728b)
Start importing Assets/Frontend/Graphics/Models/Vehicles/T-55/Materials/T-55_upper.mat using Guid(c0556e974ac4dc24a9722335e0799709) Importer(815301076,1909f56bfc062723c751e8b465ee728b)  -> (artifact id: '163e2cef4ceca08af8d08a3563a0c4de') in 0.072381 seconds 
========================================================================
Received Import Request.
  Time since last request: 0.000042 seconds.
  path: Assets/Frontend/Graphics/Models/Vehicles/T-55/Materials/T55_wheel.mat
  artifactKey: Guid(22ef3496855dd204eb2911f65c440e21) Importer(815301076,1909f56bfc062723c751e8b465ee728b)
Start importing Assets/Frontend/Graphics/Models/Vehicles/T-55/Materials/T55_wheel.mat using Guid(22ef3496855dd204eb2911f65c440e21) Importer(815301076,1909f56bfc062723c751e8b465ee728b)  -> (artifact id: '4d663e79b079c639a9ffcfb13939cd38') in 0.028424 seconds 
========================================================================
Received Import Request.
  Time since last request: 10.668845 seconds.
  path: Assets/Frontend/Graphics/Models/3rd_party/MonsterTruck/Materials
  artifactKey: Guid(70fc0194f5e1d5f4dacda8303235ea78) Importer(815301076,1909f56bfc062723c751e8b465ee728b)
Start importing Assets/Frontend/Graphics/Models/3rd_party/MonsterTruck/Materials using Guid(70fc0194f5e1d5f4dacda8303235ea78) Importer(815301076,1909f56bfc062723c751e8b465ee728b)  -> (artifact id: '0d020978ec84eb014b84df86bf3f18dd') in 0.006439 seconds 
========================================================================
Received Import Request.
  Time since last request: 15.988807 seconds.
  path: Assets/Frontend/Graphics/Models/3rd_party/Buggy_3/Materials
  artifactKey: Guid(8607caf43ae1f224893239201d1350e1) Importer(815301076,1909f56bfc062723c751e8b465ee728b)
Start importing Assets/Frontend/Graphics/Models/3rd_party/Buggy_3/Materials using Guid(8607caf43ae1f224893239201d1350e1) Importer(815301076,1909f56bfc062723c751e8b465ee728b)  -> (artifact id: '065300d3b38ea4e3798d91bc2ff82717') in 0.002180 seconds 
========================================================================
Received Import Request.
  Time since last request: 56.664057 seconds.
  path: Assets/Plugins/Zenject/OptionalExtras/SampleGame1 (Beginner)/Media/Imported/SpaceShip/Space_Shooter.fbx
  artifactKey: Guid(564c86c1543c6eb4e8525374599f15cc) Importer(815301076,1909f56bfc062723c751e8b465ee728b)
Start importing Assets/Plugins/Zenject/OptionalExtras/SampleGame1 (Beginner)/Media/Imported/SpaceShip/Space_Shooter.fbx using Guid(564c86c1543c6eb4e8525374599f15cc) Importer(815301076,1909f56bfc062723c751e8b465ee728b)  -> (artifact id: '8cef2ecae936a93c3e927a8217698b05') in 0.020624 seconds 
========================================================================
Received Import Request.
  Time since last request: 335.307269 seconds.
  path: Assets/Frontend/Graphics/Models/3rd_party/MonsterTruck/MonsterTruck.FBX
  artifactKey: Guid(13f864b5777d1c845936f75a8dc06c80) Importer(815301076,1909f56bfc062723c751e8b465ee728b)
Start importing Assets/Frontend/Graphics/Models/3rd_party/MonsterTruck/MonsterTruck.FBX using Guid(13f864b5777d1c845936f75a8dc06c80) Importer(815301076,1909f56bfc062723c751e8b465ee728b)  -> (artifact id: 'cf591fdde7895e12880c44d36728f58c') in 0.156760 seconds 
========================================================================
Received Import Request.
  Time since last request: 8.486059 seconds.
  path: Assets/Frontend/Graphics/Models/3rd_party/MonsterTruck/MonsterTruck.FBX
  artifactKey: Guid(13f864b5777d1c845936f75a8dc06c80) Importer(815301076,1909f56bfc062723c751e8b465ee728b)
Start importing Assets/Frontend/Graphics/Models/3rd_party/MonsterTruck/MonsterTruck.FBX using Guid(13f864b5777d1c845936f75a8dc06c80) Importer(815301076,1909f56bfc062723c751e8b465ee728b)  -> (artifact id: '8fa3a314e6b1978b94852b44c0c792a9') in 0.160466 seconds 
========================================================================
Received Import Request.
  Time since last request: 118.264347 seconds.
  path: Assets/Frontend/Graphics/Models/3rd_party/MonsterTruck/MonsterTruck.FBX
  artifactKey: Guid(13f864b5777d1c845936f75a8dc06c80) Importer(815301076,1909f56bfc062723c751e8b465ee728b)
Start importing Assets/Frontend/Graphics/Models/3rd_party/MonsterTruck/MonsterTruck.FBX using Guid(13f864b5777d1c845936f75a8dc06c80) Importer(815301076,1909f56bfc062723c751e8b465ee728b)  -> (artifact id: '2c712a2c8deb94ebdad1400bdab5af24') in 0.127948 seconds 
========================================================================
Received Import Request.
  Time since last request: 4.298657 seconds.
  path: Assets/Frontend/Graphics/Models/3rd_party/MonsterTruck/MonsterTruck.FBX
  artifactKey: Guid(13f864b5777d1c845936f75a8dc06c80) Importer(815301076,1909f56bfc062723c751e8b465ee728b)
Start importing Assets/Frontend/Graphics/Models/3rd_party/MonsterTruck/MonsterTruck.FBX using Guid(13f864b5777d1c845936f75a8dc06c80) Importer(815301076,1909f56bfc062723c751e8b465ee728b)  -> (artifact id: '50c4bbc286e62508c2a2f05336be0e1f') in 0.209196 seconds 
========================================================================
Received Import Request.
  Time since last request: 13.215210 seconds.
  path: Assets/Frontend/Graphics/Models/3rd_party/MonsterTruck/MonsterTruck.FBX
  artifactKey: Guid(13f864b5777d1c845936f75a8dc06c80) Importer(815301076,1909f56bfc062723c751e8b465ee728b)
Start importing Assets/Frontend/Graphics/Models/3rd_party/MonsterTruck/MonsterTruck.FBX using Guid(13f864b5777d1c845936f75a8dc06c80) Importer(815301076,1909f56bfc062723c751e8b465ee728b)  -> (artifact id: '67551635c2d9ea7aae3c43781c35c08a') in 0.149839 seconds 
========================================================================
Received Import Request.
  Time since last request: 43.769070 seconds.
  path: Assets/Frontend/Graphics/Models/3rd_party/MonsterTruck/MonsterTruck.FBX
  artifactKey: Guid(13f864b5777d1c845936f75a8dc06c80) Importer(815301076,1909f56bfc062723c751e8b465ee728b)
Start importing Assets/Frontend/Graphics/Models/3rd_party/MonsterTruck/MonsterTruck.FBX using Guid(13f864b5777d1c845936f75a8dc06c80) Importer(815301076,1909f56bfc062723c751e8b465ee728b)  -> (artifact id: '1c78a992deb5c9339648c4656046d39c') in 0.135551 seconds 
========================================================================
Received Import Request.
  Time since last request: 31.049629 seconds.
  path: Assets/Frontend/Graphics/Models/3rd_party/MonsterTruck/MonsterTruck.FBX
  artifactKey: Guid(13f864b5777d1c845936f75a8dc06c80) Importer(815301076,1909f56bfc062723c751e8b465ee728b)
Start importing Assets/Frontend/Graphics/Models/3rd_party/MonsterTruck/MonsterTruck.FBX using Guid(13f864b5777d1c845936f75a8dc06c80) Importer(815301076,1909f56bfc062723c751e8b465ee728b)  -> (artifact id: '59a6fb548dba87a9c3fb7650c25e5d70') in 0.277087 seconds 
========================================================================
Received Prepare
Registering precompiled user dll's ...
Registered in 0.008681 seconds.
Begin MonoManager ReloadAssembly
Symbol file LoadedFromMemory doesn't match image C:\Users\Administrator.QED\Desktop\UT\NGP-GL\Library\PackageCache\com.unity.visualscripting@1.7.2\Editor\VisualScripting.Core\Dependencies\YamlDotNet\Unity.VisualScripting.YamlDotNet.dll
Symbol file LoadedFromMemory doesn't match image C:\Users\Administrator.QED\Desktop\UT\NGP-GL\Library\PackageCache\com.unity.visualscripting@1.7.2\Editor\VisualScripting.Core\Dependencies\DotNetZip\Unity.VisualScripting.IonicZip.dll
Native extension for WindowsStandalone target not found
Refreshing native plugins compatible for Editor in 1.95 ms, found 6 plugins.
Preloading 0 native plugins for Editor in 0.00 ms.
Mono: successfully reloaded assembly
- Completed reload, in  1.848 seconds
Domain Reload Profiling:
	ReloadAssembly (1848ms)
		BeginReloadAssembly (175ms)
			ExecutionOrderSort (0ms)
			DisableScriptedObjects (8ms)
			BackupInstance (0ms)
			ReleaseScriptingObjects (0ms)
			CreateAndSetChildDomain (62ms)
		EndReloadAssembly (1559ms)
			LoadAssemblies (82ms)
			RebuildTransferFunctionScriptingTraits (0ms)
			SetupTypeCache (604ms)
			ReleaseScriptCaches (2ms)
			RebuildScriptCaches (47ms)
			SetupLoadedEditorAssemblies (643ms)
				LogAssemblyErrors (0ms)
				InitializePlatformSupportModulesInManaged (14ms)
				SetLoadedEditorAssemblies (1ms)
				RefreshPlugins (2ms)
				BeforeProcessingInitializeOnLoad (101ms)
				ProcessInitializeOnLoadAttributes (448ms)
				ProcessInitializeOnLoadMethodAttributes (71ms)
				AfterProcessingInitializeOnLoad (6ms)
				EditorAssembliesLoaded (0ms)
			ExecutionOrderSort2 (0ms)
			AwakeInstancesAfterBackupRestoration (12ms)
Platform modules already initialized, skipping
Refreshing native plugins compatible for Editor in 1.14 ms, found 6 plugins.
Preloading 0 native plugins for Editor in 0.00 ms.
Unloading 5960 Unused Serialized files (Serialized files now loaded: 0)
Unloading 44 unused Assets / (409.6 KB). Loaded Objects now: 6628.
Memory consumption went from 245.7 MB to 245.3 MB.
Total: 5.347000 ms (FindLiveObjects: 0.469700 ms CreateObjectMapping: 0.509800 ms MarkObjects: 4.220700 ms  DeleteObjects: 0.146000 ms)

AssetImportParameters requested are different than current active one (requested -> active):
  custom:framework-win-MediaFoundation: 216162199b28c13a410421893ffa2e32 -> 
  custom:video-decoder-ogg-theora: a1e56fd34408186e4bbccfd4996cb3dc -> 
  custom:container-muxer-webm: aa71ff27fc2769a1b78a27578f13a17b -> 
  custom:container-demuxer-webm: 4f35f7cbe854078d1ac9338744f61a02 -> 
  custom:video-encoder-webm-vp8: eb34c28f22e8b96e1ab97ce403110664 -> 
  custom:container-demuxer-ogg: 62fdf1f143b41e24485cea50d1cbac27 -> 
  custom:audio-decoder-ogg-vorbis: bf7c407c2cedff20999df2af8eb42d56 -> 
  custom:video-decoder-webm-vp8: 9c59270c3fd7afecdb556c50c9e8de78 -> 
  custom:audio-encoder-webm-vorbis: bf7c407c2cedff20999df2af8eb42d56 -> 
========================================================================
Received Prepare
Registering precompiled user dll's ...
Registered in 0.012748 seconds.
Begin MonoManager ReloadAssembly
Symbol file LoadedFromMemory doesn't match image C:\Users\Administrator.QED\Desktop\UT\NGP-GL\Library\PackageCache\com.unity.visualscripting@1.7.2\Editor\VisualScripting.Core\Dependencies\YamlDotNet\Unity.VisualScripting.YamlDotNet.dll
Symbol file LoadedFromMemory doesn't match image C:\Users\Administrator.QED\Desktop\UT\NGP-GL\Library\PackageCache\com.unity.visualscripting@1.7.2\Editor\VisualScripting.Core\Dependencies\DotNetZip\Unity.VisualScripting.IonicZip.dll
Native extension for WindowsStandalone target not found
Refreshing native plugins compatible for Editor in 1.24 ms, found 6 plugins.
Preloading 0 native plugins for Editor in 0.00 ms.
Mono: successfully reloaded assembly
- Completed reload, in  1.913 seconds
Domain Reload Profiling:
	ReloadAssembly (1913ms)
		BeginReloadAssembly (166ms)
			ExecutionOrderSort (0ms)
			DisableScriptedObjects (5ms)
			BackupInstance (0ms)
			ReleaseScriptingObjects (0ms)
			CreateAndSetChildDomain (63ms)
		EndReloadAssembly (1630ms)
			LoadAssemblies (95ms)
			RebuildTransferFunctionScriptingTraits (0ms)
			SetupTypeCache (606ms)
			ReleaseScriptCaches (2ms)
			RebuildScriptCaches (52ms)
			SetupLoadedEditorAssemblies (699ms)
				LogAssemblyErrors (0ms)
				InitializePlatformSupportModulesInManaged (13ms)
				SetLoadedEditorAssemblies (0ms)
				RefreshPlugins (1ms)
				BeforeProcessingInitializeOnLoad (107ms)
				ProcessInitializeOnLoadAttributes (488ms)
				ProcessInitializeOnLoadMethodAttributes (82ms)
				AfterProcessingInitializeOnLoad (7ms)
				EditorAssembliesLoaded (0ms)
			ExecutionOrderSort2 (0ms)
			AwakeInstancesAfterBackupRestoration (16ms)
Platform modules already initialized, skipping
Refreshing native plugins compatible for Editor in 1.35 ms, found 6 plugins.
Preloading 0 native plugins for Editor in 0.00 ms.
Unloading 5952 Unused Serialized files (Serialized files now loaded: 0)
Unloading 43 unused Assets / (380.5 KB). Loaded Objects now: 6630.
Memory consumption went from 244.9 MB to 244.6 MB.
Total: 4.366000 ms (FindLiveObjects: 0.499000 ms CreateObjectMapping: 0.507500 ms MarkObjects: 3.278600 ms  DeleteObjects: 0.079300 ms)

AssetImportParameters requested are different than current active one (requested -> active):
  custom:framework-win-MediaFoundation: 216162199b28c13a410421893ffa2e32 -> 
  custom:video-decoder-ogg-theora: a1e56fd34408186e4bbccfd4996cb3dc -> 
  custom:container-muxer-webm: aa71ff27fc2769a1b78a27578f13a17b -> 
  custom:container-demuxer-webm: 4f35f7cbe854078d1ac9338744f61a02 -> 
  custom:video-encoder-webm-vp8: eb34c28f22e8b96e1ab97ce403110664 -> 
  custom:container-demuxer-ogg: 62fdf1f143b41e24485cea50d1cbac27 -> 
  custom:audio-decoder-ogg-vorbis: bf7c407c2cedff20999df2af8eb42d56 -> 
  custom:video-decoder-webm-vp8: 9c59270c3fd7afecdb556c50c9e8de78 -> 
  custom:audio-encoder-webm-vorbis: bf7c407c2cedff20999df2af8eb42d56 -> 
========================================================================
Received Import Request.
  Time since last request: 701.519107 seconds.
  path: Assets/Frontend/Prefabs/DDOLObjects.prefab
  artifactKey: Guid(96f0ecfbec31ac9468102051300b1c99) Importer(815301076,1909f56bfc062723c751e8b465ee728b)
Start importing Assets/Frontend/Prefabs/DDOLObjects.prefab using Guid(96f0ecfbec31ac9468102051300b1c99) Importer(815301076,1909f56bfc062723c751e8b465ee728b)  -> (artifact id: '5f05e9705354b81ae3877314c2441fbd') in 0.049630 seconds 
========================================================================
Received Import Request.
  Time since last request: 5.980692 seconds.
  path: Assets/Frontend/Prefabs/BUGGY_UTWHEEL.prefab
  artifactKey: Guid(41d907ad5da0d0c4898f843bfa211c8f) Importer(815301076,1909f56bfc062723c751e8b465ee728b)
Start importing Assets/Frontend/Prefabs/BUGGY_UTWHEEL.prefab using Guid(41d907ad5da0d0c4898f843bfa211c8f) Importer(815301076,1909f56bfc062723c751e8b465ee728b)  -> (artifact id: 'e36899d5fb8656851a99ab79b08a3a61') in 0.177658 seconds 
