Using pre-set license
Built from '2021.2/staging' branch; Version is '2021.2.0b15 (b1c7ce145b7d) revision 11651022'; Using compiler version '192829333'; Build Type 'Release'
OS: 'Windows 10 Pro; OS build 19042.1415; Version 2009; 64bit' Language: 'pl' Physical Memory: 32465 MB
BatchMode: 1, IsHumanControllingUs: 0, StartBugReporterOnCrash: 0, Is64bit: 1, IsPro: 0

COMMAND LINE ARGUMENTS:
C:\Program Files\Unity 2021.2.0b15\Editor\Unity.exe
-adb2
-batchMode
-noUpm
-name
AssetImportWorker4
-projectPath
C:/Users/Administrator.QED/Documents/GitHub/NGP-GL
-logFile
Logs/AssetImportWorker4.log
-srvPort
52792
Successfully changed project path to: C:/Users/Administrator.QED/Documents/GitHub/NGP-GL
C:/Users/Administrator.QED/Documents/GitHub/NGP-GL
[UnityMemory] Configuration Parameters - Can be set up in boot.config
    "memorysetup-bucket-allocator-granularity=16"
    "memorysetup-bucket-allocator-bucket-count=8"
    "memorysetup-bucket-allocator-block-size=33554432"
    "memorysetup-bucket-allocator-block-count=8"
    "memorysetup-main-allocator-block-size=16777216"
    "memorysetup-thread-allocator-block-size=16777216"
    "memorysetup-gfx-main-allocator-block-size=16777216"
    "memorysetup-gfx-thread-allocator-block-size=16777216"
    "memorysetup-cache-allocator-block-size=4194304"
    "memorysetup-typetree-allocator-block-size=2097152"
    "memorysetup-profiler-bucket-allocator-granularity=16"
    "memorysetup-profiler-bucket-allocator-bucket-count=8"
    "memorysetup-profiler-bucket-allocator-block-size=33554432"
    "memorysetup-profiler-bucket-allocator-block-count=8"
    "memorysetup-profiler-allocator-block-size=16777216"
    "memorysetup-profiler-editor-allocator-block-size=1048576"
    "memorysetup-temp-allocator-size-main=16777216"
    "memorysetup-job-temp-allocator-block-size=2097152"
    "memorysetup-job-temp-allocator-block-size-background=1048576"
    "memorysetup-job-temp-allocator-reduction-small-platforms=262144"
    "memorysetup-temp-allocator-size-background-worker=32768"
    "memorysetup-temp-allocator-size-job-worker=262144"
    "memorysetup-temp-allocator-size-preload-manager=33554432"
    "memorysetup-temp-allocator-size-nav-mesh-worker=65536"
    "memorysetup-temp-allocator-size-audio-worker=65536"
    "memorysetup-temp-allocator-size-cloud-worker=32768"
    "memorysetup-temp-allocator-size-gi-baking-worker=262144"
    "memorysetup-temp-allocator-size-gfx=262144"
Refreshing native plugins compatible for Editor in 173.00 ms, found 3 plugins.
Preloading 0 native plugins for Editor in 0.00 ms.
Initialize engine version: 2021.2.0b15 (b1c7ce145b7d)
[Subsystems] Discovering subsystems at path C:/Program Files/Unity 2021.2.0b15/Editor/Data/Resources/UnitySubsystems
[Subsystems] Discovering subsystems at path C:/Users/Administrator.QED/Documents/GitHub/NGP-GL/Assets
GfxDevice: creating device client; threaded=0; jobified=0
Direct3D:
    Version:  Direct3D 11.0 [level 11.1]
    Renderer: NVIDIA GeForce GTX 1650 (ID=0x1f91)
    Vendor:   NVIDIA
    VRAM:     3964 MB
    Driver:   27.21.14.6231
Initialize mono
Mono path[0] = 'C:/Program Files/Unity 2021.2.0b15/Editor/Data/Managed'
Mono path[1] = 'C:/Program Files/Unity 2021.2.0b15/Editor/Data/MonoBleedingEdge/lib/mono/unityjit-win32'
Mono config path = 'C:/Program Files/Unity 2021.2.0b15/Editor/Data/MonoBleedingEdge/etc'
Using monoOptions --debugger-agent=transport=dt_socket,embedding=1,server=y,suspend=n,address=127.0.0.1:56760
Begin MonoManager ReloadAssembly
Registering precompiled unity dll's ...
Register platform support module: C:/Program Files/Unity 2021.2.0b15/Editor/Data/PlaybackEngines/WindowsStandaloneSupport/UnityEditor.WindowsStandalone.Extensions.dll
Register platform support module: C:/Program Files/Unity 2021.2.0b15/Editor/Data/PlaybackEngines/LinuxStandaloneSupport/UnityEditor.LinuxStandalone.Extensions.dll
Registered in 0.006782 seconds.
Native extension for LinuxStandalone target not found
Native extension for WindowsStandalone target not found
Refreshing native plugins compatible for Editor in 119.55 ms, found 3 plugins.
Preloading 0 native plugins for Editor in 0.00 ms.
Mono: successfully reloaded assembly
- Completed reload, in  1.265 seconds
Domain Reload Profiling:
	ReloadAssembly (1266ms)
		BeginReloadAssembly (88ms)
			ExecutionOrderSort (0ms)
			DisableScriptedObjects (0ms)
			BackupInstance (0ms)
			ReleaseScriptingObjects (0ms)
			CreateAndSetChildDomain (1ms)
		EndReloadAssembly (587ms)
			LoadAssemblies (86ms)
			RebuildTransferFunctionScriptingTraits (0ms)
			SetupTypeCache (195ms)
			ReleaseScriptCaches (0ms)
			RebuildScriptCaches (24ms)
			SetupLoadedEditorAssemblies (313ms)
				LogAssemblyErrors (0ms)
				InitializePlatformSupportModulesInManaged (9ms)
				SetLoadedEditorAssemblies (0ms)
				RefreshPlugins (120ms)
				BeforeProcessingInitializeOnLoad (1ms)
				ProcessInitializeOnLoadAttributes (140ms)
				ProcessInitializeOnLoadMethodAttributes (43ms)
				AfterProcessingInitializeOnLoad (0ms)
				EditorAssembliesLoaded (0ms)
			ExecutionOrderSort2 (0ms)
			AwakeInstancesAfterBackupRestoration (0ms)
Platform modules already initialized, skipping
Registering precompiled user dll's ...
Registered in 0.013015 seconds.
Begin MonoManager ReloadAssembly
Symbol file LoadedFromMemory doesn't match image C:\Users\Administrator.QED\Documents\GitHub\NGP-GL\Library\PackageCache\com.unity.visualscripting@1.7.2\Editor\VisualScripting.Core\Dependencies\YamlDotNet\Unity.VisualScripting.YamlDotNet.dll
Symbol file LoadedFromMemory doesn't match image C:\Users\Administrator.QED\Documents\GitHub\NGP-GL\Library\PackageCache\com.unity.visualscripting@1.7.2\Editor\VisualScripting.Core\Dependencies\DotNetZip\Unity.VisualScripting.IonicZip.dll
Native extension for LinuxStandalone target not found
Native extension for WindowsStandalone target not found
Refreshing native plugins compatible for Editor in 122.62 ms, found 3 plugins.
Preloading 0 native plugins for Editor in 0.00 ms.
Mono: successfully reloaded assembly
- Completed reload, in  2.206 seconds
Domain Reload Profiling:
	ReloadAssembly (2207ms)
		BeginReloadAssembly (193ms)
			ExecutionOrderSort (0ms)
			DisableScriptedObjects (6ms)
			BackupInstance (0ms)
			ReleaseScriptingObjects (0ms)
			CreateAndSetChildDomain (31ms)
		EndReloadAssembly (1907ms)
			LoadAssemblies (100ms)
			RebuildTransferFunctionScriptingTraits (0ms)
			SetupTypeCache (495ms)
			ReleaseScriptCaches (1ms)
			RebuildScriptCaches (48ms)
			SetupLoadedEditorAssemblies (1166ms)
				LogAssemblyErrors (0ms)
				InitializePlatformSupportModulesInManaged (13ms)
				SetLoadedEditorAssemblies (0ms)
				RefreshPlugins (123ms)
				BeforeProcessingInitializeOnLoad (121ms)
				ProcessInitializeOnLoadAttributes (824ms)
				ProcessInitializeOnLoadMethodAttributes (74ms)
				AfterProcessingInitializeOnLoad (11ms)
				EditorAssembliesLoaded (0ms)
			ExecutionOrderSort2 (0ms)
			AwakeInstancesAfterBackupRestoration (7ms)
Platform modules already initialized, skipping
========================================================================
Worker process is ready to serve import requests
Launched and connected shader compiler UnityShaderCompiler.exe after 0.05 seconds
Refreshing native plugins compatible for Editor in 0.96 ms, found 3 plugins.
Preloading 0 native plugins for Editor in 0.00 ms.
Unloading 5470 Unused Serialized files (Serialized files now loaded: 0)
Unloading 39 unused Assets / (345.1 KB). Loaded Objects now: 5915.
Memory consumption went from 210.4 MB to 210.0 MB.
Total: 4.354300 ms (FindLiveObjects: 0.407200 ms CreateObjectMapping: 0.360500 ms MarkObjects: 3.466000 ms  DeleteObjects: 0.119700 ms)

AssetImportParameters requested are different than current active one (requested -> active):
  custom:framework-win-MediaFoundation: 216162199b28c13a410421893ffa2e32 -> 
  custom:video-decoder-ogg-theora: a1e56fd34408186e4bbccfd4996cb3dc -> 
  custom:container-muxer-webm: aa71ff27fc2769a1b78a27578f13a17b -> 
  custom:container-demuxer-webm: 4f35f7cbe854078d1ac9338744f61a02 -> 
  custom:video-encoder-webm-vp8: eb34c28f22e8b96e1ab97ce403110664 -> 
  custom:container-demuxer-ogg: 62fdf1f143b41e24485cea50d1cbac27 -> 
  custom:audio-decoder-ogg-vorbis: bf7c407c2cedff20999df2af8eb42d56 -> 
  custom:video-decoder-webm-vp8: 9c59270c3fd7afecdb556c50c9e8de78 -> 
  custom:audio-encoder-webm-vorbis: bf7c407c2cedff20999df2af8eb42d56 -> 
========================================================================
Received Import Request.
  Time since last request: 184012.404147 seconds.
  path: Assets/Frontend/Graphics/Models/Vehicles/T-55/Materials/T-55_burned_AlbedoTransparency.png
  artifactKey: Guid(e121c105ec23c6e489cdf3a270a2143d) Importer(815301076,1909f56bfc062723c751e8b465ee728b)
Start importing Assets/Frontend/Graphics/Models/Vehicles/T-55/Materials/T-55_burned_AlbedoTransparency.png using Guid(e121c105ec23c6e489cdf3a270a2143d) Importer(815301076,1909f56bfc062723c751e8b465ee728b)  -> (artifact id: '90b7b21f1cb2385d16233d4e96835a73') in 0.085617 seconds 
========================================================================
Received Import Request.
  Time since last request: 9.024180 seconds.
  path: Assets/Frontend/Graphics/Models/Vehicles/T-55/Materials/T-55_AlbedoTransparency.png
  artifactKey: Guid(a60f1e401df867b419a25ab8481ac809) Importer(815301076,1909f56bfc062723c751e8b465ee728b)
Start importing Assets/Frontend/Graphics/Models/Vehicles/T-55/Materials/T-55_AlbedoTransparency.png using Guid(a60f1e401df867b419a25ab8481ac809) Importer(815301076,1909f56bfc062723c751e8b465ee728b)  -> (artifact id: 'be39f61dfe8aad7455cc9b57fdf82c48') in 0.019393 seconds 
========================================================================
Received Import Request.
  Time since last request: 19.687279 seconds.
  path: Assets/Frontend/Graphics/Models/Vehicles/T-55/Materials/T-55_burned_hull_MetallicSmoothness.png
  artifactKey: Guid(837597722ce48754097f901f64978c5f) Importer(815301076,1909f56bfc062723c751e8b465ee728b)
Start importing Assets/Frontend/Graphics/Models/Vehicles/T-55/Materials/T-55_burned_hull_MetallicSmoothness.png using Guid(837597722ce48754097f901f64978c5f) Importer(815301076,1909f56bfc062723c751e8b465ee728b)  -> (artifact id: '04a281a52609db1220f2b7d8ebc40303') in 0.020398 seconds 
========================================================================
Received Import Request.
  Time since last request: 23.403583 seconds.
  path: Assets/Frontend/Graphics/Models/Vehicles/T-55/Materials/T-55_burned_hull_AlbedoTransparency.png
  artifactKey: Guid(e121c105ec23c6e489cdf3a270a2143d) Importer(815301076,1909f56bfc062723c751e8b465ee728b)
Start importing Assets/Frontend/Graphics/Models/Vehicles/T-55/Materials/T-55_burned_hull_AlbedoTransparency.png using Guid(e121c105ec23c6e489cdf3a270a2143d) Importer(815301076,1909f56bfc062723c751e8b465ee728b)  -> (artifact id: '16516d273e5712c931bf2796a207e66a') in 0.013808 seconds 
========================================================================
Received Import Request.
  Time since last request: 10.620973 seconds.
  path: Assets/Frontend/Graphics/Models/Vehicles/T-55/Materials/T-55_hull_AlbedoTransparency.png
  artifactKey: Guid(a60f1e401df867b419a25ab8481ac809) Importer(815301076,1909f56bfc062723c751e8b465ee728b)
Start importing Assets/Frontend/Graphics/Models/Vehicles/T-55/Materials/T-55_hull_AlbedoTransparency.png using Guid(a60f1e401df867b419a25ab8481ac809) Importer(815301076,1909f56bfc062723c751e8b465ee728b)  -> (artifact id: '16a98828e3d93b4c91a8136c73b0c69c') in 0.010112 seconds 
========================================================================
Received Import Request.
  Time since last request: 22.549588 seconds.
  path: Assets/Frontend/Graphics/Models/Vehicles/T-55/Materials/T-55_buned_hull_Normal.png
  artifactKey: Guid(fc9f0f234e4d8be4d99ddc2d26ad994b) Importer(815301076,1909f56bfc062723c751e8b465ee728b)
Start importing Assets/Frontend/Graphics/Models/Vehicles/T-55/Materials/T-55_buned_hull_Normal.png using Guid(fc9f0f234e4d8be4d99ddc2d26ad994b) Importer(815301076,1909f56bfc062723c751e8b465ee728b)  -> (artifact id: '0c829837ef39c514b25bf07a55b9ff29') in 0.040717 seconds 
